[04:42:18 - main] [Cooja.java:3172] [WARN] - JAVA_HOME environment variable not set, Cooja motes may not compile
[04:42:18 - main] [Cooja.java:2856] [INFO] - External tools default settings: /external_tools_linux_64.config
[04:42:18 - main] [Cooja.java:2886] [INFO] - External tools user settings: /home/user/.cooja.user.properties
[04:42:18 - main] [Simulation.java:422] [INFO] - Simulation random seed: -1531730323186766999
[04:42:19 - main] [MspMote.java:235] [INFO] - Loading firmware from: /home/user/Experiments/version-number-attack/with-malicious/motes/root.z1
[04:42:19 - main] [MspMote.java:235] [INFO] - Loading firmware from: /home/user/Experiments/version-number-attack/with-malicious/motes/sensor.z1
[04:42:19 - main] [MspMote.java:235] [INFO] - Loading firmware from: /home/user/Experiments/version-number-attack/with-malicious/motes/sensor.z1
[04:42:19 - main] [MspMote.java:235] [INFO] - Loading firmware from: /home/user/Experiments/version-number-attack/with-malicious/motes/sensor.z1
[04:42:19 - main] [MspMote.java:235] [INFO] - Loading firmware from: /home/user/Experiments/version-number-attack/with-malicious/motes/sensor.z1
[04:42:19 - main] [MspMote.java:235] [INFO] - Loading firmware from: /home/user/Experiments/version-number-attack/with-malicious/motes/sensor.z1
[04:42:19 - main] [MspMote.java:235] [INFO] - Loading firmware from: /home/user/Experiments/version-number-attack/with-malicious/motes/sensor.z1
[04:42:19 - main] [MspMote.java:235] [INFO] - Loading firmware from: /home/user/Experiments/version-number-attack/with-malicious/motes/sensor.z1
[04:42:19 - main] [MspMote.java:235] [INFO] - Loading firmware from: /home/user/Experiments/version-number-attack/with-malicious/motes/sensor.z1
[04:42:19 - main] [MspMote.java:235] [INFO] - Loading firmware from: /home/user/Experiments/version-number-attack/with-malicious/motes/sensor.z1
[04:42:19 - main] [MspMote.java:235] [INFO] - Loading firmware from: /home/user/Experiments/version-number-attack/with-malicious/motes/sensor.z1
[04:42:20 - main] [MspMote.java:235] [INFO] - Loading firmware from: /home/user/Experiments/version-number-attack/with-malicious/motes/malicious.z1
[04:42:20 - main] [ScriptRunner.java:430] [INFO] - Test script deactivated
[04:42:20 - main] [LogScriptEngine.java:265] [INFO] - Script timeout in 120000 ms
[04:42:20 - main] [ScriptRunner.java:387] [INFO] - Test script activated
[04:42:20 - main] [Visualizer.java:256] [INFO] - Registered external visualizer: org.contikios.cooja.plugins.skins.DGRMVisualizerSkin
[04:42:20 - main] [VisualizerScreenshot.java:79] [INFO] - Starting visualizer screenshot
[04:42:21 - main] [PcapExporter.java:36] [INFO] - Opened pcap file /home/user/Experiments/version-number-attack/with-malicious/data/output.pcap
[04:42:21 - main] [TimeLine.java:567] [INFO] - Zoom level: 500.0 microseconds/pixel 
[04:42:21 - Thread-3] [Simulation.java:253] [INFO] - Simulation main loop started, system time: 1600569741070
[04:42:25 - Thread-3] [LogScriptEngine.java:389] [INFO] - Test script at 5.00%, done in 90.2 sec
[04:42:29 - Thread-3] [LogScriptEngine.java:389] [INFO] - Test script at 10.00%, done in 78.7 sec
[04:42:32 - Thread-3] [LogScriptEngine.java:389] [INFO] - Test script at 15.00%, done in 63.8 sec
[04:42:36 - Thread-3] [LogScriptEngine.java:389] [INFO] - Test script at 20.00%, done in 63.1 sec
[04:42:41 - Thread-3] [LogScriptEngine.java:389] [INFO] - Test script at 25.00%, done in 62.4 sec
[04:42:46 - Thread-3] [LogScriptEngine.java:389] [INFO] - Test script at 30.00%, done in 60.3 sec
[04:42:52 - Thread-3] [LogScriptEngine.java:389] [INFO] - Test script at 35.00%, done in 59.3 sec
[04:42:57 - Thread-3] [LogScriptEngine.java:389] [INFO] - Test script at 40.00%, done in 54.2 sec
[04:42:59 - Thread-3] [LogScriptEngine.java:389] [INFO] - Test script at 45.00%, done in 47.5 sec
[04:43:03 - Thread-3] [LogScriptEngine.java:389] [INFO] - Test script at 50.00%, done in 42.6 sec
[04:43:08 - Thread-3] [LogScriptEngine.java:389] [INFO] - Test script at 55.00%, done in 39.2 sec
[04:43:11 - Thread-3] [LogScriptEngine.java:389] [INFO] - Test script at 60.00%, done in 34.1 sec
[04:43:15 - Thread-3] [LogScriptEngine.java:389] [INFO] - Test script at 65.00%, done in 29.6 sec
[04:43:19 - Thread-3] [LogScriptEngine.java:389] [INFO] - Test script at 70.00%, done in 25.3 sec
[04:43:24 - Thread-3] [LogScriptEngine.java:389] [INFO] - Test script at 75.00%, done in 21.3 sec
[04:43:30 - Thread-3] [LogScriptEngine.java:389] [INFO] - Test script at 80.00%, done in 17.3 sec
[04:43:35 - Thread-3] [LogScriptEngine.java:389] [INFO] - Test script at 85.00%, done in 13.1 sec
[04:43:40 - Thread-3] [LogScriptEngine.java:389] [INFO] - Test script at 90.00%, done in 8.8 sec
[04:43:45 - Thread-3] [LogScriptEngine.java:389] [INFO] - Test script at 95.00%, done in 4.4 sec
[04:43:47 - Thread-3] [LogScriptEngine.java:375] [INFO] - Timeout event @ 120000000
[04:43:47 - Thread-3] [Simulation.java:312] [INFO] - Simulation main loop stopped, system time: 1600569827624	Duration: 86554 ms	Simulated time 120000 ms	Ratio 1.3864177276613443
[04:43:47 - Thread-2] [LogScriptEngine.java:309] [INFO] - Test script finished
