[04:46:06 - main] [Cooja.java:3172] [WARN] - JAVA_HOME environment variable not set, Cooja motes may not compile
[04:46:06 - main] [Cooja.java:2856] [INFO] - External tools default settings: /external_tools_linux_64.config
[04:46:06 - main] [Cooja.java:2886] [INFO] - External tools user settings: /home/user/.cooja.user.properties
[04:46:07 - main] [Simulation.java:422] [INFO] - Simulation random seed: 9009811392480513460
[04:46:07 - main] [MspMote.java:235] [INFO] - Loading firmware from: /home/user/Experiments/hello-flood-attack/without-malicious/motes/root.z1
[04:46:07 - main] [MspMote.java:235] [INFO] - Loading firmware from: /home/user/Experiments/hello-flood-attack/without-malicious/motes/sensor.z1
[04:46:07 - main] [MspMote.java:235] [INFO] - Loading firmware from: /home/user/Experiments/hello-flood-attack/without-malicious/motes/sensor.z1
[04:46:07 - main] [MspMote.java:235] [INFO] - Loading firmware from: /home/user/Experiments/hello-flood-attack/without-malicious/motes/sensor.z1
[04:46:07 - main] [MspMote.java:235] [INFO] - Loading firmware from: /home/user/Experiments/hello-flood-attack/without-malicious/motes/sensor.z1
[04:46:07 - main] [MspMote.java:235] [INFO] - Loading firmware from: /home/user/Experiments/hello-flood-attack/without-malicious/motes/sensor.z1
[04:46:07 - main] [MspMote.java:235] [INFO] - Loading firmware from: /home/user/Experiments/hello-flood-attack/without-malicious/motes/sensor.z1
[04:46:07 - main] [MspMote.java:235] [INFO] - Loading firmware from: /home/user/Experiments/hello-flood-attack/without-malicious/motes/sensor.z1
[04:46:07 - main] [MspMote.java:235] [INFO] - Loading firmware from: /home/user/Experiments/hello-flood-attack/without-malicious/motes/sensor.z1
[04:46:08 - main] [MspMote.java:235] [INFO] - Loading firmware from: /home/user/Experiments/hello-flood-attack/without-malicious/motes/sensor.z1
[04:46:08 - main] [MspMote.java:235] [INFO] - Loading firmware from: /home/user/Experiments/hello-flood-attack/without-malicious/motes/sensor.z1
[04:46:08 - main] [ScriptRunner.java:430] [INFO] - Test script deactivated
[04:46:08 - main] [LogScriptEngine.java:265] [INFO] - Script timeout in 120000 ms
[04:46:08 - main] [ScriptRunner.java:387] [INFO] - Test script activated
[04:46:08 - main] [Visualizer.java:256] [INFO] - Registered external visualizer: org.contikios.cooja.plugins.skins.DGRMVisualizerSkin
[04:46:08 - main] [VisualizerScreenshot.java:79] [INFO] - Starting visualizer screenshot
[04:46:08 - main] [PcapExporter.java:36] [INFO] - Opened pcap file /home/user/Experiments/hello-flood-attack/without-malicious/data/output.pcap
[04:46:08 - main] [TimeLine.java:567] [INFO] - Zoom level: 500.0 microseconds/pixel 
[04:46:08 - Thread-3] [Simulation.java:253] [INFO] - Simulation main loop started, system time: 1600569968907
[04:46:13 - Thread-3] [LogScriptEngine.java:389] [INFO] - Test script at 5.00%, done in 85.5 sec
[04:46:15 - Thread-3] [LogScriptEngine.java:389] [INFO] - Test script at 10.00%, done in 64.0 sec
[04:46:17 - Thread-3] [LogScriptEngine.java:389] [INFO] - Test script at 15.00%, done in 51.5 sec
[04:46:18 - Thread-3] [LogScriptEngine.java:389] [INFO] - Test script at 20.00%, done in 41.3 sec
[04:46:20 - Thread-3] [LogScriptEngine.java:389] [INFO] - Test script at 25.00%, done in 36.9 sec
[04:46:21 - Thread-3] [LogScriptEngine.java:389] [INFO] - Test script at 30.00%, done in 31.0 sec
[04:46:22 - Thread-3] [LogScriptEngine.java:389] [INFO] - Test script at 35.00%, done in 25.8 sec
[04:46:22 - Thread-3] [LogScriptEngine.java:389] [INFO] - Test script at 40.00%, done in 21.5 sec
[04:46:23 - Thread-3] [LogScriptEngine.java:389] [INFO] - Test script at 45.00%, done in 18.2 sec
[04:46:25 - Thread-3] [LogScriptEngine.java:389] [INFO] - Test script at 50.00%, done in 16.5 sec
[04:46:25 - Thread-3] [LogScriptEngine.java:389] [INFO] - Test script at 55.00%, done in 14.1 sec
[04:46:26 - Thread-3] [LogScriptEngine.java:389] [INFO] - Test script at 60.00%, done in 12.0 sec
[04:46:27 - Thread-3] [LogScriptEngine.java:389] [INFO] - Test script at 65.00%, done in 9.9 sec
[04:46:27 - Thread-3] [LogScriptEngine.java:389] [INFO] - Test script at 70.00%, done in 8.1 sec
[04:46:28 - Thread-3] [LogScriptEngine.java:389] [INFO] - Test script at 75.00%, done in 6.5 sec
[04:46:28 - Thread-3] [LogScriptEngine.java:389] [INFO] - Test script at 80.00%, done in 4.9 sec
[04:46:29 - Thread-3] [LogScriptEngine.java:389] [INFO] - Test script at 85.00%, done in 3.6 sec
[04:46:29 - Thread-3] [LogScriptEngine.java:389] [INFO] - Test script at 90.00%, done in 2.4 sec
[04:46:30 - Thread-3] [LogScriptEngine.java:389] [INFO] - Test script at 95.00%, done in 1.1 sec
[04:46:31 - Thread-3] [LogScriptEngine.java:375] [INFO] - Timeout event @ 120000000
[04:46:31 - Thread-3] [Simulation.java:312] [INFO] - Simulation main loop stopped, system time: 1600569991178	Duration: 22271 ms	Simulated time 120020 ms	Ratio 5.3890709891787525
[04:46:31 - Thread-2] [LogScriptEngine.java:309] [INFO] - Test script finished
