5070795	ID:9	#L 0 1
5075516	ID:7	#L 0 1
5105813	ID:8	#L 0 1
5105862	ID:10	#L 0 1
5135809	ID:2	#L 0 1
5140596	ID:1	#L 0 1
7343111	ID:3	#L 2 1
7631413	ID:0	#L 1 1;blue
7760157	ID:0	#L 10 1;blue
7839834	ID:5	#L 9 1
8011302	ID:0	#L 7 1;blue
8058402	ID:6	#L 10 1
8260473	ID:0	#L 8 1;blue
8736987	ID:4	#L 1 1
9625663	ID:0	#L 9 1;blue
11556285	ID:9	#L 5 1;blue
11623482	ID:0	#L 9 1;blue
11761562	ID:1	#L 4 1;blue
11876749	ID:0	#L 1 1;blue
12494581	ID:2	#L 3 1;blue
12626047	ID:0	#L 2 1;blue
13837422	ID:10	#L 6 1;blue
14003438	ID:0	#L 10 1;blue
14211917	ID:3	#L 2 0
14212452	ID:3	#L 7 1
15216330	ID:3	#L 7 1
16342798	ID:5	#L 9 1
16979342	ID:4	#L 1 1
19808951	ID:7	#L 3 1;blue
19878229	ID:0	#L 2 0
19879710	ID:0	#L 7 1;blue
26805720	ID:6	#L 10 1
29088537	ID:3	#L 7 1
30603965	ID:4	#L 1 1
33591735	ID:5	#L 9 1
50588778	ID:3	#L 7 1
54481515	ID:4	#L 1 1
54574897	ID:9	#L 0 1
54575842	ID:7	#L 0 1
54604076	ID:8	#L 0 1
54606228	ID:10	#L 0 1
54633514	ID:2	#L 0 1
54645258	ID:1	#L 0 1
56556777	ID:6	#L 10 1
58436959	ID:5	#L 9 0
58437498	ID:5	#L 8 1
59625641	ID:0	#L 2 1;blue
63839626	ID:8	#L 5 1;blue
64003101	ID:0	#L 8 1;blue
74097948	ID:2	#L 3 0
99465209	ID:3	#L 7 1
100104343	ID:4	#L 1 1
116591523	ID:5	#L 8 1
117660061	ID:9	#L 5 0
