6447411	ID:8	#L 0 1
6451679	ID:11	#L 0 1
6455290	ID:7	#L 0 1
6459581	ID:2	#L 0 1
6490756	ID:1	#L 0 1
6521789	ID:10	#L 0 1
6524966	ID:9	#L 0 1
8680230	ID:3	#L 2 1
9325416	ID:0	#L 7 1;blue
9450444	ID:0	#L 8 1;blue
9518940	ID:10	#L 0 1
9522374	ID:9	#L 0 1
9566949	ID:8	#L 0 1
9570773	ID:11	#L 0 1
9576260	ID:7	#L 0 1
9577767	ID:2	#L 0 1
9614291	ID:1	#L 0 1
9705997	ID:6	#L 10 1
10533373	ID:5	#L 8 1
10772285	ID:4	#L 1 1
11453373	ID:0	#L 2 1;blue
11574688	ID:0	#L 9 1;blue
11950497	ID:2	#L 3 1;blue
12691881	ID:0	#L 11 1;blue
13579797	ID:6	#L 10 1
13734390	ID:1	#L 4 1;blue
13942593	ID:0	#L 10 1;blue
18021927	ID:4	#L 1 1
18071552	ID:8	#L 0 1
18078243	ID:11	#L 0 1
18078715	ID:7	#L 0 1
18084797	ID:2	#L 0 1
18130876	ID:1	#L 0 1
18150419	ID:10	#L 0 1
18152909	ID:9	#L 0 1
19818321	ID:0	#L 1 1;blue
19940406	ID:0	#L 1 1;blue
20204793	ID:6	#L 10 1
25893032	ID:4	#L 1 1
26771953	ID:10	#L 0 1
28395185	ID:4	#L 1 1
31320711	ID:8	#L 0 1
31628200	ID:5	#L 8 0
31628739	ID:5	#L 9 1
32300550	ID:3	#L 2 1
32896011	ID:4	#L 1 1
33905302	ID:9	#L 0 1
35100223	ID:4	#L 1 0
35100870	ID:4	#L 11 1
35477216	ID:3	#L 2 0
35477751	ID:3	#L 7 1
38445288	ID:7	#L 3 1;blue
40396508	ID:10	#L 0 1
40405637	ID:9	#L 0 1
40448938	ID:8	#L 0 1
40453221	ID:11	#L 0 1
40456028	ID:7	#L 0 1
40456308	ID:2	#L 0 1
40497060	ID:1	#L 0 1
40659521	ID:5	#L 9 0
40660060	ID:5	#L 8 1
40700590	ID:6	#L 10 0
40701125	ID:6	#L 1 1
41784603	ID:5	#L 8 0
41785138	ID:5	#L 9 1
42577837	ID:6	#L 1 1
47423816	ID:7	#L 0 0
47424357	ID:7	#L 9 1
48886683	ID:9	#L 5 1;blue
49701039	ID:6	#L 1 1
50691317	ID:0	#L 9 1;blue
50786417	ID:5	#L 9 1
50827407	ID:7	#L 9 1
51748095	ID:1	#L 0 1
51772974	ID:10	#L 0 1
51776170	ID:9	#L 0 1
51823667	ID:8	#L 0 1
51830322	ID:11	#L 0 1
51831003	ID:2	#L 0 1
52134570	ID:9	#L 7 1;blue
52192205	ID:0	#L 7 0
52193628	ID:0	#L 9 1;blue
52329381	ID:6	#L 1 1
53460143	ID:7	#L 9 1
53532733	ID:5	#L 9 1
56452463	ID:6	#L 1 1
56703591	ID:11	#L 0 1
56708581	ID:2	#L 0 1
56719387	ID:8	#L 0 1
56746723	ID:1	#L 0 1
56771871	ID:10	#L 0 1
56779057	ID:9	#L 0 1
62537250	ID:5	#L 9 1
66157646	ID:5	#L 9 1
66203910	ID:7	#L 9 1
73786194	ID:5	#L 9 1
73829761	ID:7	#L 9 0
73830301	ID:7	#L 0 1
76429136	ID:3	#L 7 1
77038707	ID:5	#L 9 0
77039242	ID:5	#L 8 1
81428614	ID:8	#L 5 1;blue
83675656	ID:3	#L 7 1
85451898	ID:6	#L 1 1
85788746	ID:5	#L 8 1
87453878	ID:6	#L 1 1
89475905	ID:1	#L 6 1;blue
96079149	ID:1	#L 4 0
97547094	ID:2	#L 3 0
100535876	ID:5	#L 8 1
105329524	ID:6	#L 1 1
105630980	ID:5	#L 8 0
105631514	ID:5	#L 0 1
107828638	ID:6	#L 1 1
109326376	ID:6	#L 1 1
111570650	ID:0	#L 5 1;blue
113577954	ID:6	#L 1 1
117702161	ID:6	#L 1 1
