[04:41:32 - main] [Cooja.java:3172] [WARN] - JAVA_HOME environment variable not set, Cooja motes may not compile
[04:41:32 - main] [Cooja.java:2856] [INFO] - External tools default settings: /external_tools_linux_64.config
[04:41:32 - main] [Cooja.java:2886] [INFO] - External tools user settings: /home/user/.cooja.user.properties
[04:41:33 - main] [Simulation.java:422] [INFO] - Simulation random seed: -4957716141959074759
[04:41:34 - main] [MspMote.java:235] [INFO] - Loading firmware from: /home/user/Experiments/version-number-attack/without-malicious/motes/root.z1
[04:41:34 - main] [MspMote.java:235] [INFO] - Loading firmware from: /home/user/Experiments/version-number-attack/without-malicious/motes/sensor.z1
[04:41:34 - main] [MspMote.java:235] [INFO] - Loading firmware from: /home/user/Experiments/version-number-attack/without-malicious/motes/sensor.z1
[04:41:35 - main] [MspMote.java:235] [INFO] - Loading firmware from: /home/user/Experiments/version-number-attack/without-malicious/motes/sensor.z1
[04:41:35 - main] [MspMote.java:235] [INFO] - Loading firmware from: /home/user/Experiments/version-number-attack/without-malicious/motes/sensor.z1
[04:41:35 - main] [MspMote.java:235] [INFO] - Loading firmware from: /home/user/Experiments/version-number-attack/without-malicious/motes/sensor.z1
[04:41:35 - main] [MspMote.java:235] [INFO] - Loading firmware from: /home/user/Experiments/version-number-attack/without-malicious/motes/sensor.z1
[04:41:35 - main] [MspMote.java:235] [INFO] - Loading firmware from: /home/user/Experiments/version-number-attack/without-malicious/motes/sensor.z1
[04:41:35 - main] [MspMote.java:235] [INFO] - Loading firmware from: /home/user/Experiments/version-number-attack/without-malicious/motes/sensor.z1
[04:41:35 - main] [MspMote.java:235] [INFO] - Loading firmware from: /home/user/Experiments/version-number-attack/without-malicious/motes/sensor.z1
[04:41:35 - main] [MspMote.java:235] [INFO] - Loading firmware from: /home/user/Experiments/version-number-attack/without-malicious/motes/sensor.z1
[04:41:36 - main] [ScriptRunner.java:430] [INFO] - Test script deactivated
[04:41:37 - main] [LogScriptEngine.java:265] [INFO] - Script timeout in 120000 ms
[04:41:37 - main] [ScriptRunner.java:387] [INFO] - Test script activated
[04:41:38 - main] [Visualizer.java:256] [INFO] - Registered external visualizer: org.contikios.cooja.plugins.skins.DGRMVisualizerSkin
[04:41:38 - main] [VisualizerScreenshot.java:79] [INFO] - Starting visualizer screenshot
[04:41:38 - main] [PcapExporter.java:36] [INFO] - Opened pcap file /home/user/Experiments/version-number-attack/without-malicious/data/output.pcap
[04:41:38 - main] [TimeLine.java:567] [INFO] - Zoom level: 500.0 microseconds/pixel 
[04:41:38 - Thread-3] [Simulation.java:253] [INFO] - Simulation main loop started, system time: 1600569698661
[04:41:43 - Thread-3] [LogScriptEngine.java:389] [INFO] - Test script at 5.00%, done in 113.1 sec
[04:41:47 - Thread-3] [LogScriptEngine.java:389] [INFO] - Test script at 10.00%, done in 84.1 sec
[04:41:50 - Thread-3] [LogScriptEngine.java:389] [INFO] - Test script at 15.00%, done in 73.2 sec
[04:41:54 - Thread-3] [LogScriptEngine.java:389] [INFO] - Test script at 20.00%, done in 64.9 sec
[04:41:55 - Thread-3] [LogScriptEngine.java:389] [INFO] - Test script at 25.00%, done in 52.3 sec
[04:41:56 - Thread-3] [LogScriptEngine.java:389] [INFO] - Test script at 30.00%, done in 44.0 sec
[04:41:57 - Thread-3] [LogScriptEngine.java:389] [INFO] - Test script at 35.00%, done in 35.9 sec
[04:41:57 - Thread-3] [LogScriptEngine.java:389] [INFO] - Test script at 40.00%, done in 29.6 sec
[04:41:58 - Thread-3] [LogScriptEngine.java:389] [INFO] - Test script at 45.00%, done in 25.5 sec
[04:42:00 - Thread-3] [LogScriptEngine.java:389] [INFO] - Test script at 50.00%, done in 22.4 sec
[04:42:01 - Thread-3] [LogScriptEngine.java:389] [INFO] - Test script at 55.00%, done in 19.2 sec
[04:42:01 - Thread-3] [LogScriptEngine.java:389] [INFO] - Test script at 60.00%, done in 16.1 sec
[04:42:02 - Thread-3] [LogScriptEngine.java:389] [INFO] - Test script at 65.00%, done in 13.5 sec
[04:42:03 - Thread-3] [LogScriptEngine.java:389] [INFO] - Test script at 70.00%, done in 11.2 sec
[04:42:04 - Thread-3] [LogScriptEngine.java:389] [INFO] - Test script at 75.00%, done in 8.9 sec
[04:42:06 - Thread-3] [LogScriptEngine.java:389] [INFO] - Test script at 80.00%, done in 7.1 sec
[04:42:06 - Thread-3] [LogScriptEngine.java:389] [INFO] - Test script at 85.00%, done in 5.1 sec
[04:42:07 - Thread-3] [LogScriptEngine.java:389] [INFO] - Test script at 90.00%, done in 3.3 sec
[04:42:08 - Thread-3] [LogScriptEngine.java:389] [INFO] - Test script at 95.00%, done in 1.6 sec
[04:42:09 - Thread-3] [LogScriptEngine.java:375] [INFO] - Timeout event @ 120000000
[04:42:09 - Thread-3] [Simulation.java:312] [INFO] - Simulation main loop stopped, system time: 1600569729757	Duration: 31096 ms	Simulated time 120084 ms	Ratio 3.861718549009519
[04:42:09 - Thread-2] [LogScriptEngine.java:309] [INFO] - Test script finished
