[04:43:57 - main] [Cooja.java:3172] [WARN] - JAVA_HOME environment variable not set, Cooja motes may not compile
[04:43:57 - main] [Cooja.java:2856] [INFO] - External tools default settings: /external_tools_linux_64.config
[04:43:57 - main] [Cooja.java:2886] [INFO] - External tools user settings: /home/user/.cooja.user.properties
[04:43:57 - main] [Simulation.java:422] [INFO] - Simulation random seed: -4885861115431168865
[04:43:57 - main] [MspMote.java:235] [INFO] - Loading firmware from: /home/user/Experiments/blackhole-attack/without-malicious/motes/root.z1
[04:43:57 - main] [MspMote.java:235] [INFO] - Loading firmware from: /home/user/Experiments/blackhole-attack/without-malicious/motes/sensor.z1
[04:43:58 - main] [MspMote.java:235] [INFO] - Loading firmware from: /home/user/Experiments/blackhole-attack/without-malicious/motes/sensor.z1
[04:43:58 - main] [MspMote.java:235] [INFO] - Loading firmware from: /home/user/Experiments/blackhole-attack/without-malicious/motes/sensor.z1
[04:43:58 - main] [MspMote.java:235] [INFO] - Loading firmware from: /home/user/Experiments/blackhole-attack/without-malicious/motes/sensor.z1
[04:43:58 - main] [MspMote.java:235] [INFO] - Loading firmware from: /home/user/Experiments/blackhole-attack/without-malicious/motes/sensor.z1
[04:43:58 - main] [MspMote.java:235] [INFO] - Loading firmware from: /home/user/Experiments/blackhole-attack/without-malicious/motes/sensor.z1
[04:43:58 - main] [MspMote.java:235] [INFO] - Loading firmware from: /home/user/Experiments/blackhole-attack/without-malicious/motes/sensor.z1
[04:43:58 - main] [MspMote.java:235] [INFO] - Loading firmware from: /home/user/Experiments/blackhole-attack/without-malicious/motes/sensor.z1
[04:43:58 - main] [MspMote.java:235] [INFO] - Loading firmware from: /home/user/Experiments/blackhole-attack/without-malicious/motes/sensor.z1
[04:43:58 - main] [MspMote.java:235] [INFO] - Loading firmware from: /home/user/Experiments/blackhole-attack/without-malicious/motes/sensor.z1
[04:43:58 - main] [ScriptRunner.java:430] [INFO] - Test script deactivated
[04:43:58 - main] [LogScriptEngine.java:265] [INFO] - Script timeout in 120000 ms
[04:43:59 - main] [ScriptRunner.java:387] [INFO] - Test script activated
[04:43:59 - main] [Visualizer.java:256] [INFO] - Registered external visualizer: org.contikios.cooja.plugins.skins.DGRMVisualizerSkin
[04:43:59 - main] [VisualizerScreenshot.java:79] [INFO] - Starting visualizer screenshot
[04:43:59 - main] [PcapExporter.java:36] [INFO] - Opened pcap file /home/user/Experiments/blackhole-attack/without-malicious/data/output.pcap
[04:43:59 - main] [TimeLine.java:567] [INFO] - Zoom level: 500.0 microseconds/pixel 
[04:43:59 - Thread-3] [Simulation.java:253] [INFO] - Simulation main loop started, system time: 1600569839284
[04:44:03 - Thread-3] [LogScriptEngine.java:389] [INFO] - Test script at 5.00%, done in 82.2 sec
[04:44:05 - Thread-3] [LogScriptEngine.java:389] [INFO] - Test script at 10.00%, done in 56.9 sec
[04:44:07 - Thread-3] [LogScriptEngine.java:389] [INFO] - Test script at 15.00%, done in 47.9 sec
[04:44:11 - Thread-3] [LogScriptEngine.java:389] [INFO] - Test script at 20.00%, done in 49.4 sec
[04:44:14 - Thread-3] [LogScriptEngine.java:389] [INFO] - Test script at 25.00%, done in 46.0 sec
[04:44:15 - Thread-3] [LogScriptEngine.java:389] [INFO] - Test script at 30.00%, done in 38.8 sec
[04:44:19 - Thread-3] [LogScriptEngine.java:389] [INFO] - Test script at 35.00%, done in 38.3 sec
[04:44:20 - Thread-3] [LogScriptEngine.java:389] [INFO] - Test script at 40.00%, done in 32.2 sec
[04:44:23 - Thread-3] [LogScriptEngine.java:389] [INFO] - Test script at 45.00%, done in 30.4 sec
[04:44:26 - Thread-3] [LogScriptEngine.java:389] [INFO] - Test script at 50.00%, done in 27.7 sec
[04:44:28 - Thread-3] [LogScriptEngine.java:389] [INFO] - Test script at 55.00%, done in 24.2 sec
[04:44:33 - Thread-3] [LogScriptEngine.java:389] [INFO] - Test script at 60.00%, done in 22.8 sec
[04:44:33 - Thread-3] [LogScriptEngine.java:389] [INFO] - Test script at 65.00%, done in 18.7 sec
[04:44:36 - Thread-3] [LogScriptEngine.java:389] [INFO] - Test script at 70.00%, done in 16.0 sec
[04:44:37 - Thread-3] [LogScriptEngine.java:389] [INFO] - Test script at 75.00%, done in 13.0 sec
[04:44:38 - Thread-3] [LogScriptEngine.java:389] [INFO] - Test script at 80.00%, done in 9.9 sec
[04:44:41 - Thread-3] [LogScriptEngine.java:389] [INFO] - Test script at 85.00%, done in 7.5 sec
[04:44:42 - Thread-3] [LogScriptEngine.java:389] [INFO] - Test script at 90.00%, done in 4.8 sec
[04:44:47 - Thread-3] [LogScriptEngine.java:389] [INFO] - Test script at 95.00%, done in 2.6 sec
[04:44:50 - Thread-3] [LogScriptEngine.java:375] [INFO] - Timeout event @ 120000000
[04:44:50 - Thread-3] [Simulation.java:312] [INFO] - Simulation main loop stopped, system time: 1600569890154	Duration: 50870 ms	Simulated time 120000 ms	Ratio 2.3589541969726753
[04:44:50 - Thread-2] [LogScriptEngine.java:309] [INFO] - Test script finished
