4908362	ID:2	#L 0 1
4934373	ID:1	#L 0 1
4934819	ID:7	#L 0 1
4943054	ID:9	#L 0 1
4952493	ID:8	#L 0 1
4996601	ID:10	#L 0 1
5008485	ID:11	#L 0 1
7180559	ID:3	#L 2 1
7479223	ID:0	#L 1 1;blue
7607366	ID:0	#L 11 1;blue
10835489	ID:4	#L 11 1
10901253	ID:2	#L 3 1;blue
11599157	ID:0	#L 2 1;blue
11723500	ID:0	#L 2 1;blue
13052982	ID:1	#L 0 0
13061615	ID:9	#L 0 0
13078577	ID:4	#L 11 0
13096133	ID:4	#L 11 1
13749104	ID:11	#L 4 1;blue
13848087	ID:0	#L 11 1;blue
14050469	ID:3	#L 2 1
14164201	ID:6	#L 10 1
14440067	ID:1	#L 4 1
14441074	ID:1	#L 4 1
14916544	ID:5	#L 8 1
16608974	ID:10	#L 0 0
16626746	ID:10	#L 0 1
16631104	ID:11	#L 0 1
16647828	ID:2	#L 0 0
16664380	ID:2	#L 0 1
16674066	ID:7	#L 0 0
16678664	ID:1	#L 4 0
16686097	ID:9	#L 0 1
16691189	ID:7	#L 0 1
16691312	ID:8	#L 0 0
16696553	ID:1	#L 0 1
16708751	ID:8	#L 0 1
18279847	ID:5	#L 8 0
18704203	ID:4	#L 11 0
18721605	ID:4	#L 11 1
23097732	ID:0	#L 10 1;blue
23598065	ID:0	#L 7 1;blue
23799468	ID:1	#L 0 0
23808317	ID:9	#L 0 0
23817016	ID:8	#L 0 0
23818646	ID:1	#L 11 1
23825676	ID:4	#L 11 0
23837474	ID:8	#L 11 1
23842477	ID:4	#L 11 1
23860447	ID:10	#L 0 0
23881864	ID:10	#L 11 1
25551596	ID:7	#L 0 1
25654640	ID:2	#L 0 1
25778580	ID:6	#L 10 0
25923017	ID:5	#L 7 1
25924336	ID:5	#L 7 1
26500943	ID:11	#L 1 1;blue
26525516	ID:2	#L 0 0
26533422	ID:6	#L 10 1
26543361	ID:2	#L 10 1
26573605	ID:9	#L 10 1
26574724	ID:9	#L 10 1
26871547	ID:10	#L 11 0
26872082	ID:10	#L 0 1
26885915	ID:10	#L 0 1
26905644	ID:2	#L 10 0
26906184	ID:2	#L 0 1
26919398	ID:2	#L 0 1
26922279	ID:7	#L 0 0
26933574	ID:1	#L 11 0
26934108	ID:1	#L 0 1
26939611	ID:7	#L 0 1
26942185	ID:9	#L 10 0
26942719	ID:9	#L 0 1
26947928	ID:1	#L 0 1
26953356	ID:8	#L 11 0
26953891	ID:8	#L 0 1
26955898	ID:9	#L 0 1
26967918	ID:8	#L 0 1
32849161	ID:0	#L 9 1;blue
33157097	ID:5	#L 7 0
33174653	ID:5	#L 7 1
33174687	ID:3	#L 2 0
35283507	ID:6	#L 10 1
35371002	ID:10	#L 0 1
35407612	ID:2	#L 0 1
35430590	ID:7	#L 0 1
35435501	ID:1	#L 0 1
35442669	ID:9	#L 0 1
35455059	ID:8	#L 0 1
35878214	ID:11	#L 8 1;blue
35921988	ID:8	#L 0 0
35922635	ID:8	#L 11 1
36474346	ID:0	#L 11 1;blue
36799919	ID:3	#L 2 1
36801229	ID:3	#L 2 1
37428295	ID:1	#L 0 0
37432807	ID:9	#L 0 0
37442116	ID:8	#L 11 0
37447689	ID:1	#L 11 1
37454504	ID:4	#L 11 0
37461479	ID:8	#L 11 1
37471410	ID:4	#L 11 1
38788660	ID:5	#L 7 0
38805816	ID:5	#L 8 1
43049297	ID:7	#L 0 0
43147585	ID:3	#L 2 0
43148120	ID:3	#L 7 1
43456234	ID:4	#L 11 0
43456769	ID:4	#L 1 1
43470703	ID:4	#L 1 1
44348223	ID:0	#L 1 0
44349778	ID:0	#L 11 1;blue
44427510	ID:1	#L 11 0
44445271	ID:8	#L 11 0
44445879	ID:1	#L 11 1
44453108	ID:4	#L 1 0
44464535	ID:8	#L 11 1
44470102	ID:4	#L 11 1
44488338	ID:10	#L 0 0
44508690	ID:10	#L 11 1
46416541	ID:7	#L 3 1;blue
48830446	ID:4	#L 11 0
48830981	ID:4	#L 1 1
48844955	ID:4	#L 1 1
49876528	ID:11	#L 10 1;blue
49971922	ID:0	#L 10 0
49973490	ID:0	#L 11 1;blue
50156645	ID:5	#L 8 0
53031609	ID:6	#L 10 0
54552673	ID:1	#L 11 0
54566377	ID:8	#L 11 0
54571021	ID:1	#L 11 1
54578250	ID:4	#L 1 0
54585814	ID:8	#L 11 1
54595228	ID:4	#L 11 1
54609836	ID:10	#L 11 0
54630188	ID:10	#L 11 1
56912182	ID:5	#L 8 1
56950850	ID:9	#L 8 1
56952197	ID:9	#L 8 1
57525943	ID:2	#L 0 0
57533850	ID:6	#L 10 1
57543602	ID:2	#L 10 1
57569318	ID:9	#L 8 0
57569965	ID:9	#L 10 1
57583557	ID:9	#L 10 1
57927616	ID:7	#L 0 1
57927905	ID:1	#L 11 0
57936449	ID:9	#L 10 0
57941921	ID:8	#L 11 0
57945066	ID:1	#L 0 1
57953687	ID:9	#L 0 1
57960072	ID:8	#L 0 1
57985360	ID:10	#L 11 0
58003818	ID:10	#L 0 1
58005358	ID:11	#L 0 1
58950728	ID:4	#L 11 0
58966864	ID:4	#L 1 1
59028636	ID:6	#L 10 0
60736484	ID:0	#L 8 1;blue
60794521	ID:1	#L 4 1;blue
60845201	ID:0	#L 1 1;blue
61148093	ID:2	#L 10 0
61156450	ID:5	#L 8 0
61167498	ID:2	#L 7 1
61173943	ID:5	#L 7 1
61174009	ID:3	#L 7 0
61190782	ID:3	#L 7 1
65439843	ID:9	#L 0 1
65449232	ID:8	#L 0 1
65493062	ID:10	#L 0 1
65530854	ID:2	#L 7 0
65531394	ID:2	#L 0 1
65545639	ID:2	#L 0 1
65551113	ID:7	#L 0 1
65556652	ID:1	#L 0 1
66472273	ID:0	#L 7 1;blue
67540223	ID:5	#L 7 1
67550724	ID:3	#L 7 1
67721460	ID:0	#L 1 1;blue
70166429	ID:7	#L 5 1;blue
70223149	ID:0	#L 7 1;blue
70612221	ID:10	#L 0 0
70632687	ID:10	#L 11 1
70677037	ID:1	#L 0 0
70685430	ID:9	#L 0 0
70694520	ID:8	#L 0 0
70695373	ID:1	#L 11 1
70702500	ID:4	#L 1 0
70713800	ID:8	#L 11 1
70719051	ID:4	#L 11 1
74298490	ID:7	#L 0 0
76721893	ID:0	#L 11 1;blue
76846040	ID:0	#L 8 0
76847729	ID:0	#L 11 1;blue
77098158	ID:0	#L 1 0
77099720	ID:0	#L 11 1;blue
77611066	ID:10	#L 11 0
77629631	ID:10	#L 0 1
77635572	ID:11	#L 0 1
77649115	ID:2	#L 0 0
77665807	ID:2	#L 0 1
77679785	ID:7	#L 0 1
77680703	ID:1	#L 11 0
77688051	ID:9	#L 0 1
77693228	ID:8	#L 11 0
77697772	ID:1	#L 0 1
77711304	ID:8	#L 0 1
79493469	ID:10	#L 0 1
79528586	ID:2	#L 0 1
79551046	ID:7	#L 0 1
79554875	ID:1	#L 0 1
79567021	ID:9	#L 0 1
79575586	ID:8	#L 0 1
79954419	ID:4	#L 11 0
79970374	ID:4	#L 1 1
80046785	ID:3	#L 7 0
80062917	ID:3	#L 2 1
80302462	ID:3	#L 2 0
80302997	ID:3	#L 7 1
80316054	ID:3	#L 7 1
81846478	ID:0	#L 1 1;blue
82031906	ID:5	#L 7 0
82048357	ID:5	#L 8 1
82851095	ID:0	#L 8 1;blue
83221668	ID:0	#L 10 1;blue
83693623	ID:8	#L 0 0
83701766	ID:4	#L 1 0
83713066	ID:8	#L 11 1
83718383	ID:4	#L 11 1
85030204	ID:2	#L 0 1
85056510	ID:7	#L 0 1
85056693	ID:1	#L 0 1
85069182	ID:9	#L 0 1
85123019	ID:10	#L 0 1
87292354	ID:6	#L 1 1
87293661	ID:6	#L 1 1
87425461	ID:3	#L 7 1
87540164	ID:5	#L 8 0
87540699	ID:5	#L 7 1
87554458	ID:5	#L 7 1
88598529	ID:0	#L 8 0
88600254	ID:0	#L 11 1;blue
88686431	ID:9	#L 0 0
88689735	ID:1	#L 0 0
88691587	ID:8	#L 11 0
88703867	ID:4	#L 11 0
88706238	ID:9	#L 11 1
88708075	ID:1	#L 11 1
88710912	ID:8	#L 11 1
88720543	ID:4	#L 11 1
88734559	ID:10	#L 0 0
88754794	ID:10	#L 11 1
93307424	ID:4	#L 11 0
94330679	ID:4	#L 1 1
94331687	ID:4	#L 1 1
94404472	ID:6	#L 1 0
94420591	ID:6	#L 1 1
94678729	ID:1	#L 11 0
94684093	ID:9	#L 11 0
94693267	ID:8	#L 11 0
94697174	ID:1	#L 11 1
94701069	ID:4	#L 1 0
94702488	ID:9	#L 11 1
94712590	ID:8	#L 11 1
94736669	ID:10	#L 11 0
94756920	ID:10	#L 11 1
97924483	ID:7	#L 0 0
97944740	ID:7	#L 9 1
99398476	ID:2	#L 0 0
99402697	ID:6	#L 1 0
99415701	ID:2	#L 10 1
99419518	ID:6	#L 10 1
99531759	ID:5	#L 7 0
99548245	ID:5	#L 8 1
99603505	ID:10	#L 6 1;blue
103073168	ID:8	#L 11 0
103092557	ID:8	#L 11 1
103677764	ID:9	#L 7 1;blue
103808570	ID:8	#L 5 1;blue
103877027	ID:11	#L 9 1;blue
104158127	ID:6	#L 10 0
104158662	ID:6	#L 1 1
104172594	ID:6	#L 1 1
105218117	ID:2	#L 3 0
105352838	ID:10	#L 2 1;blue
106870931	ID:11	#L 8 1;blue
107159220	ID:5	#L 8 1
107280286	ID:5	#L 8 0
107296429	ID:5	#L 8 1
107528446	ID:2	#L 10 0
107528980	ID:2	#L 0 1
107542724	ID:2	#L 0 1
107555998	ID:7	#L 9 0
107556540	ID:7	#L 0 1
107567053	ID:9	#L 11 0
107567593	ID:9	#L 0 1
107570763	ID:7	#L 0 1
107581479	ID:9	#L 0 1
107618254	ID:10	#L 11 0
107618797	ID:10	#L 0 1
107633115	ID:10	#L 0 1
109120234	ID:11	#L 10 1;blue
109487281	ID:10	#L 0 0
109505551	ID:10	#L 0 1
109505719	ID:11	#L 0 1
109525959	ID:2	#L 0 0
109542499	ID:2	#L 0 1
109547740	ID:7	#L 0 0
109552489	ID:1	#L 11 0
109560729	ID:9	#L 0 0
109565112	ID:7	#L 0 1
109569743	ID:1	#L 0 1
109569981	ID:8	#L 11 0
109577854	ID:9	#L 0 1
109588100	ID:8	#L 0 1
111599092	ID:0	#L 11 1;blue
111724408	ID:0	#L 8 1;blue
115724442	ID:0	#L 8 1;blue
116310033	ID:9	#L 0 0
116319037	ID:8	#L 0 0
116328311	ID:9	#L 11 1
116338419	ID:8	#L 11 1
116362286	ID:10	#L 0 0
116382553	ID:10	#L 11 1
116427037	ID:1	#L 0 0
116445433	ID:1	#L 11 1
118797389	ID:3	#L 7 0
118813552	ID:3	#L 2 1
119426707	ID:3	#L 2 0
119427242	ID:3	#L 7 1
119440262	ID:3	#L 7 1
119533567	ID:5	#L 8 0
119550949	ID:5	#L 7 1
