5205542	ID:9	#L 0 1
5222475	ID:11	#L 0 1
5231178	ID:7	#L 0 1
5265836	ID:2	#L 0 1
5274475	ID:10	#L 0 1
5283170	ID:1	#L 0 1
5288283	ID:8	#L 0 1
7544963	ID:3	#L 2 1
7755272	ID:0	#L 11 1;blue
7879790	ID:0	#L 1 1;blue
7964566	ID:5	#L 9 1
8994136	ID:4	#L 1 1
9633216	ID:0	#L 10 1;blue
9873975	ID:0	#L 9 1;blue
10247704	ID:0	#L 2 1;blue
10756261	ID:2	#L 3 1;blue
11122204	ID:0	#L 2 1;blue
11571777	ID:9	#L 5 1;blue
11747824	ID:0	#L 9 1;blue
12025579	ID:1	#L 4 1;blue
12124189	ID:0	#L 1 1;blue
13451349	ID:9	#L 0 1
13469758	ID:11	#L 0 1
13479589	ID:7	#L 0 1
13513438	ID:2	#L 0 1
13520658	ID:10	#L 0 1
13530549	ID:1	#L 0 1
13533399	ID:8	#L 0 1
14287865	ID:3	#L 2 1
15306639	ID:6	#L 10 1
16713811	ID:5	#L 9 1
19375941	ID:0	#L 7 1;blue
25708838	ID:4	#L 1 0
25709485	ID:4	#L 11 1
27789879	ID:3	#L 2 1
28579329	ID:11	#L 4 1;blue
30748604	ID:0	#L 11 1;blue
31112645	ID:4	#L 11 1
32215488	ID:5	#L 9 1
33761098	ID:3	#L 2 0
33761633	ID:3	#L 7 1
40090034	ID:7	#L 3 1;blue
40250318	ID:0	#L 7 1;blue
42435405	ID:5	#L 9 0
42435940	ID:5	#L 7 1
44009819	ID:8	#L 0 0
44010466	ID:8	#L 11 1
48090597	ID:7	#L 5 1;blue
48250696	ID:0	#L 7 1;blue
49082086	ID:11	#L 8 1;blue
49123981	ID:0	#L 11 1;blue
54298241	ID:6	#L 10 1
59641315	ID:2	#L 0 1
59647635	ID:10	#L 0 1
59660668	ID:1	#L 0 1
59711516	ID:9	#L 0 1
59723793	ID:11	#L 0 1
59730017	ID:7	#L 0 1
64167677	ID:3	#L 7 1
64217231	ID:5	#L 7 1
64864683	ID:4	#L 11 1
64916186	ID:8	#L 11 1
67854944	ID:4	#L 11 0
67855479	ID:4	#L 1 1
72014193	ID:8	#L 11 0
72014728	ID:8	#L 0 1
77876370	ID:0	#L 8 1;blue
86687481	ID:1	#L 4 0
93601862	ID:2	#L 3 0
102043437	ID:9	#L 5 0
103861741	ID:4	#L 1 0
103862388	ID:4	#L 11 1
109662081	ID:1	#L 0 1
109665184	ID:8	#L 0 1
109709867	ID:9	#L 0 1
109726277	ID:11	#L 0 1
109732652	ID:7	#L 0 1
109765452	ID:2	#L 0 1
109776013	ID:10	#L 0 1
114021868	ID:6	#L 10 0
114022403	ID:6	#L 1 1
117656617	ID:1	#L 6 1;blue
117748673	ID:0	#L 1 1;blue
