4815911	ID:8	#L 0 1
4819840	ID:1	#L 0 1
4820167	ID:9	#L 0 1
4893532	ID:2	#L 0 1
4907244	ID:7	#L 0 1
4911275	ID:10	#L 0 1
7127009	ID:3	#L 2 1
7389372	ID:0	#L 1 1;blue
9266289	ID:0	#L 8 1;blue
9393937	ID:0	#L 9 1;blue
9547454	ID:4	#L 1 1
9556160	ID:6	#L 1 1
9755638	ID:0	#L 2 1;blue
10079979	ID:5	#L 9 1
10134175	ID:2	#L 3 1;blue
10756518	ID:0	#L 2 1;blue
12564764	ID:1	#L 4 1;blue
12632647	ID:0	#L 1 1;blue
13066862	ID:8	#L 0 1
13067477	ID:1	#L 0 1
13067840	ID:9	#L 0 1
13161013	ID:7	#L 0 1
13999165	ID:3	#L 2 1
15179347	ID:9	#L 5 1;blue
17081727	ID:5	#L 9 1
27415805	ID:4	#L 1 1
27871545	ID:3	#L 2 1
30206847	ID:5	#L 9 1
50123234	ID:3	#L 2 1
52550427	ID:5	#L 9 0
52551000	ID:5	#L 8 1
55204176	ID:5	#L 8 1
57298154	ID:8	#L 5 1;blue
59788258	ID:4	#L 1 1
59804745	ID:6	#L 1 1
64803692	ID:1	#L 6 1;blue
72544509	ID:9	#L 0 0
72545161	ID:9	#L 10 1
78269963	ID:10	#L 9 1;blue
90524003	ID:6	#L 1 0
90524650	ID:6	#L 10 1
94148410	ID:10	#L 6 1;blue
107542854	ID:1	#L 0 0
107543509	ID:1	#L 10 1
107554706	ID:6	#L 10 1
107575592	ID:9	#L 10 1
110270676	ID:10	#L 1 1;blue
111539519	ID:4	#L 1 1
112533172	ID:9	#L 5 0
116164561	ID:4	#L 1 1
