4831160	ID:1	#L 0 1
4848131	ID:9	#L 0 1
4848917	ID:8	#L 0 1
4887109	ID:7	#L 0 1
4931191	ID:10	#L 0 1
7392766	ID:0	#L 1 1;blue
7519399	ID:0	#L 10 1;blue
8663905	ID:4	#L 1 1
8770945	ID:0	#L 7 1;blue
8814437	ID:5	#L 8 1
9521161	ID:0	#L 9 1;blue
11572401	ID:1	#L 4 1;blue
11636690	ID:0	#L 1 1;blue
12453497	ID:8	#L 5 1;blue
12887999	ID:0	#L 8 1;blue
13087373	ID:1	#L 0 1
13093798	ID:9	#L 0 1
13098373	ID:8	#L 0 1
13135518	ID:7	#L 0 1
13142181	ID:2	#L 0 1
13178891	ID:10	#L 0 1
13564552	ID:3	#L 7 1
15316295	ID:3	#L 7 0
15316830	ID:3	#L 2 1
15330132	ID:3	#L 2 1
15761876	ID:0	#L 8 1;blue
16634891	ID:2	#L 3 1;blue
16932498	ID:6	#L 1 1
17138026	ID:0	#L 2 1;blue
17888675	ID:0	#L 2 1;blue
26534136	ID:4	#L 1 1
27597506	ID:8	#L 0 1
27598013	ID:9	#L 0 1
27636910	ID:7	#L 0 1
27639818	ID:2	#L 0 1
27686559	ID:10	#L 0 1
27707480	ID:1	#L 0 1
30687375	ID:5	#L 8 1
32529616	ID:3	#L 2 0
32530151	ID:3	#L 7 1
39529489	ID:3	#L 7 0
39530024	ID:3	#L 2 1
48818525	ID:5	#L 8 0
48819060	ID:5	#L 9 1
51080797	ID:9	#L 5 1;blue
51389333	ID:0	#L 9 1;blue
54510002	ID:6	#L 1 0
54510649	ID:6	#L 10 1
56689096	ID:5	#L 9 1
57913040	ID:10	#L 6 1;blue
58011841	ID:0	#L 10 1;blue
59207633	ID:1	#L 0 1
59224124	ID:9	#L 0 1
59225205	ID:8	#L 0 1
62658243	ID:5	#L 9 0
62658816	ID:5	#L 7 1
63034006	ID:4	#L 1 1
68871433	ID:7	#L 5 1;blue
69313014	ID:8	#L 0 0
69313555	ID:8	#L 1 1
69764158	ID:0	#L 7 1;blue
72437329	ID:1	#L 8 1;blue
72511368	ID:0	#L 8 0
72512812	ID:0	#L 1 1;blue
93654000	ID:10	#L 0 0
93654540	ID:10	#L 2 1
98377256	ID:2	#L 10 1;blue
98807227	ID:10	#L 2 1
99813608	ID:5	#L 7 1
100402708	ID:0	#L 2 1;blue
103555975	ID:6	#L 10 0
103556510	ID:6	#L 1 1
106532330	ID:4	#L 1 1
106555858	ID:6	#L 1 1
106594337	ID:8	#L 1 1
108184095	ID:8	#L 5 0
109300168	ID:8	#L 1 0
109300703	ID:8	#L 0 1
109313033	ID:1	#L 6 1;blue
109509892	ID:0	#L 10 0
109511314	ID:0	#L 1 1;blue
110207184	ID:1	#L 0 1
110223445	ID:9	#L 0 1
110229205	ID:8	#L 0 1
110262270	ID:7	#L 0 1
110268976	ID:2	#L 0 1
112827681	ID:5	#L 7 0
112828216	ID:5	#L 9 1
114388606	ID:0	#L 8 1;blue
116654309	ID:10	#L 2 0
116654849	ID:10	#L 0 1
117889186	ID:0	#L 9 1;blue
