[04:44:58 - main] [Cooja.java:3172] [WARN] - JAVA_HOME environment variable not set, Cooja motes may not compile
[04:44:59 - main] [Cooja.java:2856] [INFO] - External tools default settings: /external_tools_linux_64.config
[04:44:59 - main] [Cooja.java:2886] [INFO] - External tools user settings: /home/user/.cooja.user.properties
[04:44:59 - main] [Simulation.java:422] [INFO] - Simulation random seed: 7430088986691072669
[04:44:59 - main] [MspMote.java:235] [INFO] - Loading firmware from: /home/user/Experiments/blackhole-attack/with-malicious/motes/root.z1
[04:44:59 - main] [MspMote.java:235] [INFO] - Loading firmware from: /home/user/Experiments/blackhole-attack/with-malicious/motes/sensor.z1
[04:45:00 - main] [MspMote.java:235] [INFO] - Loading firmware from: /home/user/Experiments/blackhole-attack/with-malicious/motes/sensor.z1
[04:45:00 - main] [MspMote.java:235] [INFO] - Loading firmware from: /home/user/Experiments/blackhole-attack/with-malicious/motes/sensor.z1
[04:45:00 - main] [MspMote.java:235] [INFO] - Loading firmware from: /home/user/Experiments/blackhole-attack/with-malicious/motes/sensor.z1
[04:45:00 - main] [MspMote.java:235] [INFO] - Loading firmware from: /home/user/Experiments/blackhole-attack/with-malicious/motes/sensor.z1
[04:45:00 - main] [MspMote.java:235] [INFO] - Loading firmware from: /home/user/Experiments/blackhole-attack/with-malicious/motes/sensor.z1
[04:45:00 - main] [MspMote.java:235] [INFO] - Loading firmware from: /home/user/Experiments/blackhole-attack/with-malicious/motes/sensor.z1
[04:45:00 - main] [MspMote.java:235] [INFO] - Loading firmware from: /home/user/Experiments/blackhole-attack/with-malicious/motes/sensor.z1
[04:45:00 - main] [MspMote.java:235] [INFO] - Loading firmware from: /home/user/Experiments/blackhole-attack/with-malicious/motes/sensor.z1
[04:45:00 - main] [MspMote.java:235] [INFO] - Loading firmware from: /home/user/Experiments/blackhole-attack/with-malicious/motes/sensor.z1
[04:45:00 - main] [MspMote.java:235] [INFO] - Loading firmware from: /home/user/Experiments/blackhole-attack/with-malicious/motes/malicious.z1
[04:45:01 - main] [ScriptRunner.java:430] [INFO] - Test script deactivated
[04:45:01 - main] [LogScriptEngine.java:265] [INFO] - Script timeout in 120000 ms
[04:45:01 - main] [ScriptRunner.java:387] [INFO] - Test script activated
[04:45:01 - main] [Visualizer.java:256] [INFO] - Registered external visualizer: org.contikios.cooja.plugins.skins.DGRMVisualizerSkin
[04:45:01 - main] [VisualizerScreenshot.java:79] [INFO] - Starting visualizer screenshot
[04:45:01 - main] [PcapExporter.java:36] [INFO] - Opened pcap file /home/user/Experiments/blackhole-attack/with-malicious/data/output.pcap
[04:45:01 - main] [TimeLine.java:567] [INFO] - Zoom level: 500.0 microseconds/pixel 
[04:45:01 - Thread-3] [Simulation.java:253] [INFO] - Simulation main loop started, system time: 1600569901652
[04:45:06 - Thread-3] [LogScriptEngine.java:389] [INFO] - Test script at 5.00%, done in 92.4 sec
[04:45:09 - Thread-3] [LogScriptEngine.java:389] [INFO] - Test script at 10.00%, done in 70.5 sec
[04:45:11 - Thread-3] [LogScriptEngine.java:389] [INFO] - Test script at 15.00%, done in 60.1 sec
[04:45:17 - Thread-3] [LogScriptEngine.java:389] [INFO] - Test script at 20.00%, done in 65.3 sec
[04:45:22 - Thread-3] [LogScriptEngine.java:389] [INFO] - Test script at 25.00%, done in 61.9 sec
[04:45:23 - Thread-3] [LogScriptEngine.java:389] [INFO] - Test script at 30.00%, done in 51.9 sec
[04:45:28 - Thread-3] [LogScriptEngine.java:389] [INFO] - Test script at 35.00%, done in 49.7 sec
[04:45:29 - Thread-3] [LogScriptEngine.java:389] [INFO] - Test script at 40.00%, done in 41.5 sec
[04:45:31 - Thread-3] [LogScriptEngine.java:389] [INFO] - Test script at 45.00%, done in 37.3 sec
[04:45:33 - Thread-3] [LogScriptEngine.java:389] [INFO] - Test script at 50.00%, done in 31.8 sec
[04:45:34 - Thread-3] [LogScriptEngine.java:389] [INFO] - Test script at 55.00%, done in 27.1 sec
[04:45:40 - Thread-3] [LogScriptEngine.java:389] [INFO] - Test script at 60.00%, done in 25.9 sec
[04:45:40 - Thread-3] [LogScriptEngine.java:389] [INFO] - Test script at 65.00%, done in 21.3 sec
[04:45:43 - Thread-3] [LogScriptEngine.java:389] [INFO] - Test script at 70.00%, done in 18.2 sec
[04:45:45 - Thread-3] [LogScriptEngine.java:389] [INFO] - Test script at 75.00%, done in 14.6 sec
[04:45:45 - Thread-3] [LogScriptEngine.java:389] [INFO] - Test script at 80.00%, done in 11.1 sec
[04:45:50 - Thread-3] [LogScriptEngine.java:389] [INFO] - Test script at 85.00%, done in 8.7 sec
[04:45:51 - Thread-3] [LogScriptEngine.java:389] [INFO] - Test script at 90.00%, done in 5.6 sec
[04:45:54 - Thread-3] [LogScriptEngine.java:389] [INFO] - Test script at 95.00%, done in 2.8 sec
[04:45:57 - Thread-3] [LogScriptEngine.java:375] [INFO] - Timeout event @ 120000000
[04:45:57 - Thread-3] [Simulation.java:312] [INFO] - Simulation main loop stopped, system time: 1600569957615	Duration: 55963 ms	Simulated time 120002 ms	Ratio 2.1443096331504745
[04:45:57 - Thread-2] [LogScriptEngine.java:309] [INFO] - Test script finished
